<?xml version="1.0" encoding="UTF-8"?>
<!-- Generated by org.testng.reporters.JUnitXMLReporter -->
<testsuite hostname="0765-2356" ignored="1" name="All Tests" tests="10" failures="0" timestamp="02 Jan 2019 10:22:49 GMT" time="0.388" errors="0">
  <testcase name="testCaseHomePage_1" time="0.013" classname="ExtentReport.otherTest.HomePage"/>
  <testcase name="testCaseHomePage_2" time="0.001" classname="ExtentReport.otherTest.HomePage"/>
  <testcase name="testCaseHomePage_3" time="0.003" classname="ExtentReport.otherTest.HomePage"/>
  <testcase name="testCaseHomePage_4" time="0.001" classname="ExtentReport.otherTest.HomePage"/>
  <testcase name="testCaseHomePage_5" time="0.002" classname="ExtentReport.otherTest.HomePage"/>
  <testcase name="testCase_1" time="0.005" classname="ExtentReport.test.ReportTest"/>
  <testcase name="testCase_2" time="0.003" classname="ExtentReport.test.ReportTest"/>
  <testcase name="testCase_3" time="0.002" classname="ExtentReport.test.ReportTest"/>
  <testcase name="testCase_4" time="0.003" classname="ExtentReport.test.ReportTest"/>
  <testcase name="testCase_5" time="0.002" classname="ExtentReport.test.ReportTest"/>
  <testcase name="@AfterSuite afterSuite" time="0.0" classname="ExtentReport.test.Report">
    <ignored/>
  </testcase> <!-- @AfterSuite afterSuite -->
</testsuite> <!-- All Tests -->
