<?xml version="1.0" encoding="UTF-8"?>
<!-- Generated by org.testng.reporters.JUnitXMLReporter -->
<testsuite hostname="0765-2356" ignored="9" name="Regression suite 1" tests="2" failures="0" timestamp="31 Dec 2018 11:30:54 GMT" time="0.083" errors="0">
  <testcase name="testCaseHomePage_4" time="0.022" classname="ExtentReport.otherTest.HomePage"/>
  <testcase name="testCase_3" time="0.003" classname="ExtentReport.test.ReportTest"/>
  <testcase name="testCase_1" time="0.0" classname="ExtentReport.test.ReportTest">
    <ignored/>
  </testcase> <!-- testCase_1 -->
  <testcase name="testCase_4" time="0.0" classname="ExtentReport.test.ReportTest">
    <ignored/>
  </testcase> <!-- testCase_4 -->
  <testcase name="@AfterSuite afterSuite" time="0.0" classname="ExtentReport.test.Report">
    <ignored/>
  </testcase> <!-- @AfterSuite afterSuite -->
  <testcase name="testCaseHomePage_1" time="0.0" classname="ExtentReport.otherTest.HomePage">
    <ignored/>
  </testcase> <!-- testCaseHomePage_1 -->
  <testcase name="testCaseHomePage_2" time="0.0" classname="ExtentReport.otherTest.HomePage">
    <ignored/>
  </testcase> <!-- testCaseHomePage_2 -->
  <testcase name="testCase_5" time="0.0" classname="ExtentReport.test.ReportTest">
    <ignored/>
  </testcase> <!-- testCase_5 -->
  <testcase name="testCaseHomePage_5" time="0.0" classname="ExtentReport.otherTest.HomePage">
    <ignored/>
  </testcase> <!-- testCaseHomePage_5 -->
  <testcase name="testCaseHomePage_3" time="0.0" classname="ExtentReport.otherTest.HomePage">
    <ignored/>
  </testcase> <!-- testCaseHomePage_3 -->
  <testcase name="testCase_2" time="0.0" classname="ExtentReport.test.ReportTest">
    <ignored/>
  </testcase> <!-- testCase_2 -->
</testsuite> <!-- Regression suite 1 -->
