<?xml version="1.0" encoding="UTF-8"?>
<!-- Generated by org.testng.reporters.JUnitXMLReporter -->
<testsuite hostname="0765-2356" ignored="0" name="Default test" tests="5" failures="0" timestamp="27 Mar 2019 06:22:36 GMT" time="0.36" errors="0">
  <testcase name="testCase_1" time="0.014" classname="ExtentReport.test.ReportTest"/>
  <testcase name="testCase_2" time="0.003" classname="ExtentReport.test.ReportTest"/>
  <testcase name="testCase_3" time="0.003" classname="ExtentReport.test.ReportTest"/>
  <testcase name="testCase_4" time="0.006" classname="ExtentReport.test.ReportTest"/>
  <testcase name="testCase_5" time="0.003" classname="ExtentReport.test.ReportTest"/>
</testsuite> <!-- Default test -->
