<?xml version="1.0" encoding="UTF-8"?>
<testng-results skipped="0" failed="0" ignored="7" total="11" passed="4">
  <reporter-output>
  </reporter-output>
  <suite name="example suite 1" duration-ms="355" started-at="2019-03-27T06:25:22Z" finished-at="2019-03-27T06:25:22Z">
    <groups>
      <group name="regression">
        <method signature="HomePage.testCaseHomePage_4()[pri:0, instance:ExtentReport.otherTest.HomePage@55f3ddb1]" name="testCaseHomePage_4" class="ExtentReport.otherTest.HomePage"/>
      </group> <!-- regression -->
      <group name="smoke">
        <method signature="HomePage.testCaseHomePage_2()[pri:0, instance:ExtentReport.otherTest.HomePage@55f3ddb1]" name="testCaseHomePage_2" class="ExtentReport.otherTest.HomePage"/>
        <method signature="HomePage.testCaseHomePage_3()[pri:0, instance:ExtentReport.otherTest.HomePage@55f3ddb1]" name="testCaseHomePage_3" class="ExtentReport.otherTest.HomePage"/>
        <method signature="HomePage.testCaseHomePage_4()[pri:0, instance:ExtentReport.otherTest.HomePage@55f3ddb1]" name="testCaseHomePage_4" class="ExtentReport.otherTest.HomePage"/>
        <method signature="ReportTest.testCase_5()[pri:0, instance:ExtentReport.test.ReportTest@8bd1b6a]" name="testCase_5" class="ExtentReport.test.ReportTest"/>
      </group> <!-- smoke -->
    </groups>
    <test name="Smoke Tests" duration-ms="355" started-at="2019-03-27T06:25:22Z" finished-at="2019-03-27T06:25:22Z">
      <class name="ExtentReport.otherTest.HomePage">
        <test-method status="PASS" signature="beforeClass()[pri:0, instance:ExtentReport.otherTest.HomePage@55f3ddb1]" name="beforeClass" is-config="true" duration-ms="257" started-at="2019-03-27T06:25:22Z" finished-at="2019-03-27T06:25:22Z">
          <reporter-output>
          </reporter-output>
        </test-method> <!-- beforeClass -->
        <test-method status="PASS" signature="beforeMethod(java.lang.reflect.Method)[pri:0, instance:ExtentReport.otherTest.HomePage@55f3ddb1]" name="beforeMethod" is-config="true" duration-ms="3" started-at="2019-03-27T06:25:22Z" finished-at="2019-03-27T06:25:22Z">
          <params>
            <param index="0">
              <value>
                <![CDATA[public void ExtentReport.otherTest.HomePage.testCaseHomePage_2()]]>
              </value>
            </param>
          </params>
          <reporter-output>
          </reporter-output>
        </test-method> <!-- beforeMethod -->
        <test-method status="PASS" signature="testCaseHomePage_2()[pri:0, instance:ExtentReport.otherTest.HomePage@55f3ddb1]" name="testCaseHomePage_2" duration-ms="15" started-at="2019-03-27T06:25:22Z" finished-at="2019-03-27T06:25:22Z">
          <reporter-output>
          </reporter-output>
        </test-method> <!-- testCaseHomePage_2 -->
        <test-method status="PASS" signature="getResult(org.testng.ITestResult)[pri:0, instance:ExtentReport.otherTest.HomePage@55f3ddb1]" name="getResult" is-config="true" duration-ms="12" started-at="2019-03-27T06:25:22Z" finished-at="2019-03-27T06:25:22Z">
          <params>
            <param index="0">
              <value>
                <![CDATA[[TestResult name=testCaseHomePage_2 status=SUCCESS method=HomePage.testCaseHomePage_2()[pri:0, instance:ExtentReport.otherTest.HomePage@55f3ddb1] output={null}]]]>
              </value>
            </param>
          </params>
          <reporter-output>
          </reporter-output>
        </test-method> <!-- getResult -->
        <test-method status="PASS" signature="beforeMethod(java.lang.reflect.Method)[pri:0, instance:ExtentReport.otherTest.HomePage@55f3ddb1]" name="beforeMethod" is-config="true" duration-ms="0" started-at="2019-03-27T06:25:22Z" finished-at="2019-03-27T06:25:22Z">
          <params>
            <param index="0">
              <value>
                <![CDATA[public void ExtentReport.otherTest.HomePage.testCaseHomePage_3()]]>
              </value>
            </param>
          </params>
          <reporter-output>
          </reporter-output>
        </test-method> <!-- beforeMethod -->
        <test-method status="PASS" signature="testCaseHomePage_3()[pri:0, instance:ExtentReport.otherTest.HomePage@55f3ddb1]" name="testCaseHomePage_3" duration-ms="4" started-at="2019-03-27T06:25:22Z" finished-at="2019-03-27T06:25:22Z">
          <reporter-output>
          </reporter-output>
        </test-method> <!-- testCaseHomePage_3 -->
        <test-method status="PASS" signature="getResult(org.testng.ITestResult)[pri:0, instance:ExtentReport.otherTest.HomePage@55f3ddb1]" name="getResult" is-config="true" duration-ms="1" started-at="2019-03-27T06:25:22Z" finished-at="2019-03-27T06:25:22Z">
          <params>
            <param index="0">
              <value>
                <![CDATA[[TestResult name=testCaseHomePage_3 status=SUCCESS method=HomePage.testCaseHomePage_3()[pri:0, instance:ExtentReport.otherTest.HomePage@55f3ddb1] output={null}]]]>
              </value>
            </param>
          </params>
          <reporter-output>
          </reporter-output>
        </test-method> <!-- getResult -->
        <test-method status="PASS" signature="beforeMethod(java.lang.reflect.Method)[pri:0, instance:ExtentReport.otherTest.HomePage@55f3ddb1]" name="beforeMethod" is-config="true" duration-ms="1" started-at="2019-03-27T06:25:22Z" finished-at="2019-03-27T06:25:22Z">
          <params>
            <param index="0">
              <value>
                <![CDATA[public void ExtentReport.otherTest.HomePage.testCaseHomePage_4()]]>
              </value>
            </param>
          </params>
          <reporter-output>
          </reporter-output>
        </test-method> <!-- beforeMethod -->
        <test-method status="PASS" signature="testCaseHomePage_4()[pri:0, instance:ExtentReport.otherTest.HomePage@55f3ddb1]" name="testCaseHomePage_4" duration-ms="4" started-at="2019-03-27T06:25:22Z" finished-at="2019-03-27T06:25:22Z">
          <reporter-output>
          </reporter-output>
        </test-method> <!-- testCaseHomePage_4 -->
        <test-method status="PASS" signature="getResult(org.testng.ITestResult)[pri:0, instance:ExtentReport.otherTest.HomePage@55f3ddb1]" name="getResult" is-config="true" duration-ms="5" started-at="2019-03-27T06:25:22Z" finished-at="2019-03-27T06:25:22Z">
          <params>
            <param index="0">
              <value>
                <![CDATA[[TestResult name=testCaseHomePage_4 status=SUCCESS method=HomePage.testCaseHomePage_4()[pri:0, instance:ExtentReport.otherTest.HomePage@55f3ddb1] output={null}]]]>
              </value>
            </param>
          </params>
          <reporter-output>
          </reporter-output>
        </test-method> <!-- getResult -->
        <test-method status="PASS" signature="afterSuite()[pri:0, instance:ExtentReport.otherTest.HomePage@55f3ddb1]" name="afterSuite" is-config="true" duration-ms="440" started-at="2019-03-27T06:25:23Z" finished-at="2019-03-27T06:25:23Z">
          <reporter-output>
          </reporter-output>
        </test-method> <!-- afterSuite -->
      </class> <!-- ExtentReport.otherTest.HomePage -->
      <class name="ExtentReport.test.ReportTest">
        <test-method status="PASS" signature="beforeClass()[pri:0, instance:ExtentReport.test.ReportTest@8bd1b6a]" name="beforeClass" is-config="true" duration-ms="0" started-at="2019-03-27T06:25:22Z" finished-at="2019-03-27T06:25:22Z">
          <reporter-output>
          </reporter-output>
        </test-method> <!-- beforeClass -->
        <test-method status="PASS" signature="beforeMethod(java.lang.reflect.Method)[pri:0, instance:ExtentReport.test.ReportTest@8bd1b6a]" name="beforeMethod" is-config="true" duration-ms="1" started-at="2019-03-27T06:25:22Z" finished-at="2019-03-27T06:25:22Z">
          <params>
            <param index="0">
              <value>
                <![CDATA[public void ExtentReport.test.ReportTest.testCase_5()]]>
              </value>
            </param>
          </params>
          <reporter-output>
          </reporter-output>
        </test-method> <!-- beforeMethod -->
        <test-method status="PASS" signature="testCase_5()[pri:0, instance:ExtentReport.test.ReportTest@8bd1b6a]" name="testCase_5" duration-ms="7" started-at="2019-03-27T06:25:22Z" finished-at="2019-03-27T06:25:22Z">
          <reporter-output>
          </reporter-output>
        </test-method> <!-- testCase_5 -->
        <test-method status="PASS" signature="getResult(org.testng.ITestResult)[pri:0, instance:ExtentReport.test.ReportTest@8bd1b6a]" name="getResult" is-config="true" duration-ms="1" started-at="2019-03-27T06:25:22Z" finished-at="2019-03-27T06:25:22Z">
          <params>
            <param index="0">
              <value>
                <![CDATA[[TestResult name=testCase_5 status=SUCCESS method=ReportTest.testCase_5()[pri:0, instance:ExtentReport.test.ReportTest@8bd1b6a] output={null}]]]>
              </value>
            </param>
          </params>
          <reporter-output>
          </reporter-output>
        </test-method> <!-- getResult -->
      </class> <!-- ExtentReport.test.ReportTest -->
    </test> <!-- Smoke Tests -->
  </suite> <!-- example suite 1 -->
</testng-results>
